[debug] [2022-01-01T15:36:53.481Z] ----------------------------------------------------------------------
[debug] [2022-01-01T15:36:53.488Z] Command:       C:\Program Files\nodejs\node.exe C:\Users\Lenovo\AppData\Roaming\npm\node_modules\firebase-tools\lib\bin\firebase.js init
[debug] [2022-01-01T15:36:53.490Z] CLI Version:   10.0.1
[debug] [2022-01-01T15:36:53.490Z] Platform:      win32
[debug] [2022-01-01T15:36:53.490Z] Node Version:  v14.15.5
[debug] [2022-01-01T15:36:53.494Z] Time:          Sat Jan 01 2022 15:36:53 GMT+0000 (Greenwich Mean Time)
[debug] [2022-01-01T15:36:53.494Z] ----------------------------------------------------------------------
[debug] 
[debug] [2022-01-01T15:36:53.523Z] > command requires scopes: ["email","openid","https://www.googleapis.com/auth/cloudplatformprojects.readonly","https://www.googleapis.com/auth/firebase","https://www.googleapis.com/auth/cloud-platform"]
[debug] [2022-01-01T15:36:53.524Z] > authorizing via signed-in user (ahmedezaz.cse@gmail.com)
[info] 
     ######## #### ########  ######## ########     ###     ######  ########
     ##        ##  ##     ## ##       ##     ##  ##   ##  ##       ##
     ######    ##  ########  ######   ########  #########  ######  ######
     ##        ##  ##    ##  ##       ##     ## ##     ##       ## ##
     ##       #### ##     ## ######## ########  ##     ##  ######  ########

You're about to initialize a Firebase project in this directory:

  G:\ezaz\Staffordshire MSc\1 Semister\Web Principles\Assignment

[info] 
=== Project Setup
[info] 
[info] First, let's associate this project directory with a Firebase project.
[info] You can create multiple project aliases by running firebase use --add, 
[info] but for now we'll just set up a default project.
[info] 
[debug] [2022-01-01T15:37:34.335Z] >>> [apiv2][query] GET https://firebase.googleapis.com/v1beta1/projects pageSize=100
[debug] [2022-01-01T15:37:35.001Z] <<< [apiv2][status] GET https://firebase.googleapis.com/v1beta1/projects 200
[debug] [2022-01-01T15:37:35.002Z] <<< [apiv2][body] GET https://firebase.googleapis.com/v1beta1/projects [omitted]
[info] i  Using project webprinciple-22b41 (WebPrinciple) 
[info] 
=== Hosting Setup
[info] 
[info] Your public directory is the folder (relative to your project directory) that
[info] will contain Hosting assets to be uploaded with firebase deploy. If you
[info] have a build process for your assets, use your build's output directory.
[info] 
